<?xml version="1.0" encoding="UTF-8"?>
<testng-results skipped="0" failed="0" ignored="0" total="1" passed="1">
  <reporter-output>
  </reporter-output>
  <suite name="Default suite" duration-ms="19429" started-at="2022-03-22T13:20:31 CDT" finished-at="2022-03-22T13:20:50 CDT">
    <groups>
    </groups>
    <test name="Default test" duration-ms="19429" started-at="2022-03-22T13:20:31 CDT" finished-at="2022-03-22T13:20:50 CDT">
      <class name="test.AddContactTest">
        <test-method status="PASS" signature="valisUserShouldBeAbleToAddCustomers()[pri:0, instance:test.AddContactTest@6f03482]" name="valisUserShouldBeAbleToAddCustomers" duration-ms="19367" started-at="2022-03-22T13:20:31 CDT" finished-at="2022-03-22T13:20:50 CDT">
          <reporter-output>
          </reporter-output>
        </test-method> <!-- valisUserShouldBeAbleToAddCustomers -->
      </class> <!-- test.AddContactTest -->
    </test> <!-- Default test -->
  </suite> <!-- Default suite -->
</testng-results>
